<?xml version="1.0" encoding="UTF-8"?>
<!-- Generated by org.testng.reporters.JUnitReportReporter -->
<testsuite hostname="Micky" failures="0" tests="2" name="eCommerce.OrderItem" time="20.828" errors="0" timestamp="2024-10-31T00:04:00 IST" skipped="0">
  <testcase classname="eCommerce.OrderItem" name="submitOrder" time="8.590"/>
  <testcase classname="eCommerce.OrderItem" name="submitOrder" time="12.238"/>
</testsuite> <!-- eCommerce.OrderItem -->
