<?xml version="1.0" encoding="UTF-8"?>
<!-- Generated by org.testng.reporters.JUnitReportReporter -->
<testsuite hostname="Chandrahas" failures="0" tests="1" name="cucumber.TestNGTestRunner" time="8.431" errors="0" timestamp="2024-11-02T22:13:49 IST" skipped="0">
  <testcase classname="cucumber.TestNGTestRunner" name="runScenario" time="8.431"/>
</testsuite> <!-- cucumber.TestNGTestRunner -->
