<?xml version="1.0" encoding="UTF-8"?>
<!-- Generated by org.testng.reporters.JUnitReportReporter -->
<testsuite hostname="Micky" failures="0" tests="1" name="eCommerce.LoginErrorValidation" time="5.696" errors="0" timestamp="2024-10-27T01:06:21 IST" skipped="0">
  <testcase classname="eCommerce.LoginErrorValidation" name="loginError" time="5.696"/>
</testsuite> <!-- eCommerce.LoginErrorValidation -->
