<?xml version="1.0" encoding="UTF-8"?>
<!-- Generated by org.testng.reporters.JUnitReportReporter -->
<testsuite hostname="Chandrahas" failures="0" tests="2" name="eCommerce.ErrorValidation" time="15.165" errors="0" timestamp="2024-11-02T22:21:01 IST" skipped="0">
  <testcase classname="eCommerce.ErrorValidation" name="loginError" time="6.342"/>
  <testcase classname="eCommerce.ErrorValidation" name="productError" time="8.823"/>
</testsuite> <!-- eCommerce.ErrorValidation -->
