<?xml version="1.0" encoding="UTF-8"?>
<!-- Generated by org.testng.reporters.JUnitReportReporter -->
<testsuite hostname="Chandrahas" failures="0" tests="2" name="eCommerce.OrderItem" time="25.162" errors="0" timestamp="2024-11-03T23:54:34 IST" skipped="0">
  <testcase classname="eCommerce.OrderItem" name="submitOrder" time="8.856"/>
  <testcase classname="eCommerce.OrderItem" name="submitOrder" time="16.306"/>
</testsuite> <!-- eCommerce.OrderItem -->
